\BOOKMARK [1][-]{section.1}{Inledning}{}% 1
\BOOKMARK [2][-]{subsection.1.1}{Syfte och Fr\345gest\344llning}{section.1}% 2
\BOOKMARK [1][-]{section.2}{Teori}{}% 3
\BOOKMARK [2][-]{subsection.2.1}{Polynomisk tid}{section.2}% 4
\BOOKMARK [2][-]{subsection.2.2}{Propositionell logik}{section.2}% 5
\BOOKMARK [2][-]{subsection.2.3}{3-SAT}{section.2}% 6
\BOOKMARK [2][-]{subsection.2.4}{Linj\344r algebra}{section.2}% 7
\BOOKMARK [3][-]{subsubsection.2.4.1}{Vektorer}{subsection.2.4}% 8
\BOOKMARK [3][-]{subsubsection.2.4.2}{Matriser}{subsection.2.4}% 9
\BOOKMARK [2][-]{subsection.2.5}{Neurala n\344tverk}{section.2}% 10
\BOOKMARK [3][-]{subsubsection.2.5.1}{Bildlig f\366rklaring}{subsection.2.5}% 11
\BOOKMARK [2][-]{subsection.2.6}{Formell definition}{section.2}% 12
\BOOKMARK [2][-]{subsection.2.7}{Grunderna till python och programering}{section.2}% 13
\BOOKMARK [3][-]{subsubsection.2.7.1}{Programmering}{subsection.2.7}% 14
\BOOKMARK [3][-]{subsubsection.2.7.2}{Python}{subsection.2.7}% 15
\BOOKMARK [3][-]{subsubsection.2.7.3}{Funktioner och loops}{subsection.2.7}% 16
\BOOKMARK [3][-]{subsubsection.2.7.4}{Moduler och n\345got om objekt}{subsection.2.7}% 17
\BOOKMARK [1][-]{section.3}{Metod}{}% 18
\BOOKMARK [2][-]{subsection.3.1}{Skapandet av datan}{section.3}% 19
\BOOKMARK [3][-]{subsubsection.3.1.1}{Krav p\345 datan}{subsection.3.1}% 20
\BOOKMARK [3][-]{subsubsection.3.1.2}{Omvandling av 3-SAT formler}{subsection.3.1}% 21
\BOOKMARK [3][-]{subsubsection.3.1.3}{Simple-Sat}{subsection.3.1}% 22
\BOOKMARK [3][-]{subsubsection.3.1.4}{Omvandling till formel}{subsection.3.1}% 23
\BOOKMARK [3][-]{subsubsection.3.1.5}{Satisferbarhet av formeln}{subsection.3.1}% 24
\BOOKMARK [2][-]{subsection.3.2}{Algoritmen f\366r skapandet av datan p\345 en allm\344n niv\345}{section.3}% 25
\BOOKMARK [2][-]{subsection.3.3}{Algoritmen i python kod}{section.3}% 26
\BOOKMARK [3][-]{subsubsection.3.3.1}{Numpy arrays}{subsection.3.3}% 27
\BOOKMARK [2][-]{subsection.3.4}{Loopen steg 3 till 7}{section.3}% 28
\BOOKMARK [2][-]{subsection.3.5}{Loopen steg 8 till 11}{section.3}% 29
\BOOKMARK [2][-]{subsection.3.6}{Export av datan}{section.3}% 30
\BOOKMARK [2][-]{subsection.3.7}{Anpassning f\366r utv\344rderingsdatan}{section.3}% 31
\BOOKMARK [2][-]{subsection.3.8}{Skapandet av modellen}{section.3}% 32
\BOOKMARK [3][-]{subsubsection.3.8.1}{Representation av modellen}{subsection.3.8}% 33
\BOOKMARK [3][-]{subsubsection.3.8.2}{Tensorflow och Keras}{subsection.3.8}% 34
\BOOKMARK [2][-]{subsection.3.9}{Tr\344ning av n\344tverket}{section.3}% 35
\BOOKMARK [1][-]{section.4}{Resultat}{}% 36
\BOOKMARK [1][-]{section.5}{Diskussion och slutsats}{}% 37
\BOOKMARK [2][-]{subsection.5.1}{Github}{section.5}% 38
