\BOOKMARK [1][-]{section.1}{Anteckningar}{}% 1
\BOOKMARK [2][-]{subsection.1.1}{F\366rklara orden/f\366rklara:}{section.1}% 2
\BOOKMARK [2][-]{subsection.1.2}{Fixa:}{section.1}% 3
\BOOKMARK [2][-]{subsection.1.3}{Referenser:}{section.1}% 4
\BOOKMARK [1][-]{section.2}{Abstract}{}% 5
\BOOKMARK [1][-]{section.3}{Inledning}{}% 6
\BOOKMARK [2][-]{subsection.3.1}{Bakgrund}{section.3}% 7
\BOOKMARK [2][-]{subsection.3.2}{Syfte och Fr\345gest\344llning}{section.3}% 8
\BOOKMARK [1][-]{section.4}{Teori}{}% 9
\BOOKMARK [2][-]{subsection.4.1}{Propositionell logik}{section.4}% 10
\BOOKMARK [2][-]{subsection.4.2}{Linj\344r algebra}{section.4}% 11
\BOOKMARK [3][-]{subsubsection.4.2.1}{Vektor}{subsection.4.2}% 12
\BOOKMARK [3][-]{subsubsection.4.2.2}{Matris}{subsection.4.2}% 13
\BOOKMARK [3][-]{subsubsection.4.2.3}{Matris vektor multiplikation}{subsection.4.2}% 14
\BOOKMARK [2][-]{subsection.4.3}{Deep learning}{section.4}% 15
\BOOKMARK [3][-]{subsubsection.4.3.1}{Bildlig f\366rklaring}{subsection.4.3}% 16
\BOOKMARK [3][-]{subsubsection.4.3.2}{Linj\344r algebra}{subsection.4.3}% 17
\BOOKMARK [3][-]{subsubsection.4.3.3}{Flervariabel analys}{subsection.4.3}% 18
\BOOKMARK [2][-]{subsection.4.4}{Grunderna till python och programering}{section.4}% 19
\BOOKMARK [1][-]{section.5}{Metod}{}% 20
\BOOKMARK [2][-]{subsection.5.1}{Skapandet av datan}{section.5}% 21
\BOOKMARK [3][-]{subsubsection.5.1.1}{Krav p\345 datan}{subsection.5.1}% 22
\BOOKMARK [3][-]{subsubsection.5.1.2}{Omvandling av 3-SAT formler}{subsection.5.1}% 23
\BOOKMARK [3][-]{subsubsection.5.1.3}{Simple-Sat}{subsection.5.1}% 24
\BOOKMARK [3][-]{subsubsection.5.1.4}{Algoritm}{subsection.5.1}% 25
\BOOKMARK [2][-]{subsection.5.2}{Skapandet av modellen}{section.5}% 26
\BOOKMARK [3][-]{subsubsection.5.2.1}{Representation av modellen}{subsection.5.2}% 27
\BOOKMARK [3][-]{subsubsection.5.2.2}{Tensorflow och Keras}{subsection.5.2}% 28
\BOOKMARK [2][-]{subsection.5.3}{Tr\344ning av n\344tverket}{section.5}% 29
\BOOKMARK [3][-]{subsubsection.5.3.1}{Stuff ref kod och s\345nt}{subsection.5.3}% 30
\BOOKMARK [1][-]{section.6}{Resultat}{}% 31
\BOOKMARK [2][-]{subsection.6.1}{Model 1}{section.6}% 32
\BOOKMARK [1][-]{section.7}{Diskussion och slutsats}{}% 33
\BOOKMARK [2][-]{subsection.7.1}{Sannolikhet att liknande \(och d\344rmed samma\) sat formler fanns}{section.7}% 34
\BOOKMARK [2][-]{subsection.7.2}{Presicionen var bara 50\045 som \344r lika med en gissning.}{section.7}% 35
\BOOKMARK [3][-]{subsubsection.7.2.1}{Ref och s\345nt}{subsection.7.2}% 36
\BOOKMARK [2][-]{subsection.7.3}{Att man anv\344nder neurala n\344tverk f\366r tydliga m\366nster och inte resonemang}{section.7}% 37
\BOOKMARK [2][-]{subsection.7.4}{Samtidigt att det finns ingen teori om hur man k\344nner igen m\344nnisko ansikten}{section.7}% 38
\BOOKMARK [2][-]{subsection.7.5}{Vad inneb\344r att det finns en polynomisk algoritm f\366r 3-sat}{section.7}% 39
\BOOKMARK [3][-]{subsubsection.7.5.1}{Banksystem faller}{subsection.7.5}% 40
\BOOKMARK [2][-]{subsection.7.6}{Vidare forskning}{section.7}% 41
\BOOKMARK [3][-]{subsubsection.7.6.1}{Djupare n\344tverk}{subsection.7.6}% 42
\BOOKMARK [1][-]{section.8}{Appendix}{}% 43
\BOOKMARK [2][-]{subsection.8.1}{I}{section.8}% 44
